Using pre-set license
Built from '2021.1/staging' branch; Version is '2021.1.5f1 (3737af19df53) revision 3618735'; Using compiler version '192528614'; Build Type 'Release'
OS: 'Windows 10 Home Single Language; OS build 19042.928; Version 2009; 64bit' Language: 'en' Physical Memory: 8076 MB
BatchMode: 1, IsHumanControllingUs: 0, StartBugReporterOnCrash: 0, Is64bit: 1, IsPro: 0

 COMMAND LINE ARGUMENTS:
C:\Program Files\Unity\Hub\Editor\2021.1.5f1\Editor\Unity.exe
-adb2
-batchMode
-noUpm
-name
AssetImportWorker0
-projectPath
D:/MS Word files/School/ADMU/3rd year/2nd Sem/ISCS Game Dev/Tile-based
-logFile
Logs/AssetImportWorker0.log
-srvPort
51621
Successfully changed project path to: D:/MS Word files/School/ADMU/3rd year/2nd Sem/ISCS Game Dev/Tile-based
D:/MS Word files/School/ADMU/3rd year/2nd Sem/ISCS Game Dev/Tile-based
Using Asset Import Pipeline V2.
Refreshing native plugins compatible for Editor in 48.92 ms, found 1 plugins.
Preloading 0 native plugins for Editor in 0.00 ms.
Initialize engine version: 2021.1.5f1 (3737af19df53)
[Subsystems] Discovering subsystems at path C:/Program Files/Unity/Hub/Editor/2021.1.5f1/Editor/Data/Resources/UnitySubsystems
[Subsystems] Discovering subsystems at path D:/MS Word files/School/ADMU/3rd year/2nd Sem/ISCS Game Dev/Tile-based/Assets
GfxDevice: creating device client; threaded=0; jobified=0
Direct3D:
    Version:  Direct3D 11.0 [level 11.1]
    Renderer: NVIDIA GeForce GTX 1050 (ID=0x1c8d)
    Vendor:   NVIDIA
    VRAM:     1979 MB
    Driver:   27.21.14.6589
Initialize mono
Mono path[0] = 'C:/Program Files/Unity/Hub/Editor/2021.1.5f1/Editor/Data/Managed'
Mono path[1] = 'C:/Program Files/Unity/Hub/Editor/2021.1.5f1/Editor/Data/MonoBleedingEdge/lib/mono/unityjit'
Mono config path = 'C:/Program Files/Unity/Hub/Editor/2021.1.5f1/Editor/Data/MonoBleedingEdge/etc'
Using monoOptions --debugger-agent=transport=dt_socket,embedding=1,server=y,suspend=n,address=127.0.0.1:56312
Begin MonoManager ReloadAssembly
Registering precompiled unity dll's ...
Register platform support module: C:/Program Files/Unity/Hub/Editor/2021.1.5f1/Editor/Data/PlaybackEngines/MacStandaloneSupport/UnityEditor.OSXStandalone.Extensions.dll
Register platform support module: C:/Program Files/Unity/Hub/Editor/2021.1.5f1/Editor/Data/PlaybackEngines/WindowsStandaloneSupport/UnityEditor.WindowsStandalone.Extensions.dll
Registered in 0.003952 seconds.
Native extension for WindowsStandalone target not found
Native extension for OSXStandalone target not found
Refreshing native plugins compatible for Editor in 63.37 ms, found 1 plugins.
Preloading 0 native plugins for Editor in 0.00 ms.
Mono: successfully reloaded assembly
- Completed reload, in  1.458 seconds
Platform modules already initialized, skipping
Registering precompiled user dll's ...
Registered in 0.001445 seconds.
Begin MonoManager ReloadAssembly
Native extension for WindowsStandalone target not found
Native extension for OSXStandalone target not found
Refreshing native plugins compatible for Editor in 53.49 ms, found 1 plugins.
Preloading 0 native plugins for Editor in 0.00 ms.
Mono: successfully reloaded assembly
- Completed reload, in  1.161 seconds
Platform modules already initialized, skipping
========================================================================
Worker process is ready to serve import requests
Launched and connected shader compiler UnityShaderCompiler.exe after 0.06 seconds
Refreshing native plugins compatible for Editor in 0.49 ms, found 1 plugins.
Preloading 0 native plugins for Editor in 0.00 ms.
Unloading 1998 Unused Serialized files (Serialized files now loaded: 0)
System memory in use before: 100.5 MB.
System memory in use after: 100.3 MB.

Unloading 20 unused Assets to reduce memory usage. Loaded Objects now: 2465.
Total: 2.747300 ms (FindLiveObjects: 0.188100 ms CreateObjectMapping: 0.081000 ms MarkObjects: 2.209700 ms  DeleteObjects: 0.267400 ms)

========================================================================
Received Import Request.
  path: Assets/Standard Assets/2D/PhysicsMaterials/BouncyBox.physicsMaterial2D
  artifactKey: Guid(8be6341e1ce3f4cec9902bc34f72d20a) Importer(815301076,1909f56bfc062723c751e8b465ee728b)
Start importing Assets/Standard Assets/2D/PhysicsMaterials/BouncyBox.physicsMaterial2D using Guid(8be6341e1ce3f4cec9902bc34f72d20a) Importer(815301076,1909f56bfc062723c751e8b465ee728b)  -> (artifact id: 'ed6e662dacf5559147dcd9a0cb4cc0d1') in 0.103952 seconds 
========================================================================
Received Import Request.
  Time since last request: 27.245061 seconds.
  path: Assets/Tiles/Custom Tiles/Solid.mat
  artifactKey: Guid(0e048bbe3e0673e4b967568629b75f29) Importer(815301076,1909f56bfc062723c751e8b465ee728b)
Start importing Assets/Tiles/Custom Tiles/Solid.mat using Guid(0e048bbe3e0673e4b967568629b75f29) Importer(815301076,1909f56bfc062723c751e8b465ee728b)  -> (artifact id: '7033245dfc694d7ce75a5b45bd38608b') in 0.314907 seconds 
========================================================================
Received Import Request.
  Time since last request: 70.127451 seconds.
  path: Assets/Tiles/Custom Tiles/Solid.physicMaterial
  artifactKey: Guid(459979329aca6c343aa292fd7880e83f) Importer(815301076,1909f56bfc062723c751e8b465ee728b)
Start importing Assets/Tiles/Custom Tiles/Solid.physicMaterial using Guid(459979329aca6c343aa292fd7880e83f) Importer(815301076,1909f56bfc062723c751e8b465ee728b)  -> (artifact id: '668b07487782ee6dafb177d19fa56383') in 0.008644 seconds 
========================================================================
Received Import Request.
  Time since last request: 40.767551 seconds.
  path: Assets/Standard Assets/2D/PhysicsMaterials/Slippery.physicsMaterial2D
  artifactKey: Guid(3626fe8e008014f6bbd19bb72937b311) Importer(815301076,1909f56bfc062723c751e8b465ee728b)
Start importing Assets/Standard Assets/2D/PhysicsMaterials/Slippery.physicsMaterial2D using Guid(3626fe8e008014f6bbd19bb72937b311) Importer(815301076,1909f56bfc062723c751e8b465ee728b)  -> (artifact id: '4bd5a490fe7c1a659bb7c58e2e42f6fa') in 0.298662 seconds 
========================================================================
Received Import Request.
  Time since last request: 0.000399 seconds.
  path: Assets/Standard Assets/2D/PhysicsMaterials/Sticky.physicsMaterial2D
  artifactKey: Guid(0cb77231a430b454fb792ff7ffcc3943) Importer(815301076,1909f56bfc062723c751e8b465ee728b)
Start importing Assets/Standard Assets/2D/PhysicsMaterials/Sticky.physicsMaterial2D using Guid(0cb77231a430b454fb792ff7ffcc3943) Importer(815301076,1909f56bfc062723c751e8b465ee728b)  -> (artifact id: '8007bbaa913bf73233140ab841f0a028') in 0.016549 seconds 
========================================================================
Received Import Request.
  Time since last request: 40.365191 seconds.
  path: Assets/Standard Assets/2D/PhysicsMaterials
  artifactKey: Guid(acf5e119c54034bd8bfbd5f21cc246db) Importer(815301076,1909f56bfc062723c751e8b465ee728b)
Start importing Assets/Standard Assets/2D/PhysicsMaterials using Guid(acf5e119c54034bd8bfbd5f21cc246db) Importer(815301076,1909f56bfc062723c751e8b465ee728b)  -> (artifact id: 'a4ec773e3fdaccc2ab4a927482252b6f') in 0.013562 seconds 
========================================================================
Received Import Request.
  Time since last request: 19.243927 seconds.
  path: Assets/Standard Assets/2D/PhysicsMaterials/New Physic Material.physicMaterial
  artifactKey: Guid(b46279201f4f8ac498ca9c8b650acea6) Importer(815301076,1909f56bfc062723c751e8b465ee728b)
Start importing Assets/Standard Assets/2D/PhysicsMaterials/New Physic Material.physicMaterial using Guid(b46279201f4f8ac498ca9c8b650acea6) Importer(815301076,1909f56bfc062723c751e8b465ee728b)  -> (artifact id: '9a76277f19736c9e06a9bd4ef0c3e340') in 0.009322 seconds 
========================================================================
Received Import Request.
  Time since last request: 55.046592 seconds.
  path: Assets/Standard Assets/2D/PhysicsMaterials/Solid.physicsMaterial2D
  artifactKey: Guid(3fd8011cf8c8e464088b8d0e75bc0df4) Importer(815301076,1909f56bfc062723c751e8b465ee728b)
Start importing Assets/Standard Assets/2D/PhysicsMaterials/Solid.physicsMaterial2D using Guid(3fd8011cf8c8e464088b8d0e75bc0df4) Importer(815301076,1909f56bfc062723c751e8b465ee728b)  -> (artifact id: 'ef13c1cbabb28c47d175c497256ddbf3') in 0.004973 seconds 
========================================================================
Received Prepare
Registering precompiled user dll's ...
Registered in 0.001229 seconds.
Begin MonoManager ReloadAssembly
Native extension for WindowsStandalone target not found
Native extension for OSXStandalone target not found
Refreshing native plugins compatible for Editor in 0.55 ms, found 1 plugins.
Preloading 0 native plugins for Editor in 0.00 ms.
Mono: successfully reloaded assembly
- Completed reload, in  1.048 seconds
Platform modules already initialized, skipping
Refreshing native plugins compatible for Editor in 0.47 ms, found 1 plugins.
Preloading 0 native plugins for Editor in 0.00 ms.
Unloading 1967 Unused Serialized files (Serialized files now loaded: 0)
System memory in use before: 101.7 MB.
System memory in use after: 101.5 MB.

Unloading 9 unused Assets to reduce memory usage. Loaded Objects now: 2508.
Total: 2.512400 ms (FindLiveObjects: 0.186700 ms CreateObjectMapping: 0.092000 ms MarkObjects: 2.017300 ms  DeleteObjects: 0.215300 ms)

========================================================================
Received Prepare
Registering precompiled user dll's ...
Registered in 0.001122 seconds.
Begin MonoManager ReloadAssembly
Native extension for WindowsStandalone target not found
Native extension for OSXStandalone target not found
Refreshing native plugins compatible for Editor in 0.52 ms, found 1 plugins.
Preloading 0 native plugins for Editor in 0.00 ms.
Mono: successfully reloaded assembly
- Completed reload, in  1.006 seconds
Platform modules already initialized, skipping
Refreshing native plugins compatible for Editor in 0.49 ms, found 1 plugins.
Preloading 0 native plugins for Editor in 0.00 ms.
Unloading 1967 Unused Serialized files (Serialized files now loaded: 0)
System memory in use before: 101.7 MB.
System memory in use after: 101.6 MB.

Unloading 9 unused Assets to reduce memory usage. Loaded Objects now: 2511.
Total: 3.141600 ms (FindLiveObjects: 0.201400 ms CreateObjectMapping: 0.084400 ms MarkObjects: 2.387900 ms  DeleteObjects: 0.466800 ms)

========================================================================
Received Prepare
Registering precompiled user dll's ...
Registered in 0.001137 seconds.
Begin MonoManager ReloadAssembly
Native extension for WindowsStandalone target not found
Native extension for OSXStandalone target not found
Refreshing native plugins compatible for Editor in 0.47 ms, found 1 plugins.
Preloading 0 native plugins for Editor in 0.00 ms.
Mono: successfully reloaded assembly
- Completed reload, in  1.000 seconds
Platform modules already initialized, skipping
Refreshing native plugins compatible for Editor in 0.57 ms, found 1 plugins.
Preloading 0 native plugins for Editor in 0.00 ms.
Unloading 1967 Unused Serialized files (Serialized files now loaded: 0)
System memory in use before: 101.8 MB.
System memory in use after: 101.6 MB.

Unloading 9 unused Assets to reduce memory usage. Loaded Objects now: 2514.
Total: 2.799600 ms (FindLiveObjects: 0.197600 ms CreateObjectMapping: 0.082200 ms MarkObjects: 2.282800 ms  DeleteObjects: 0.235800 ms)

========================================================================
Received Prepare
Registering precompiled user dll's ...
Registered in 0.001049 seconds.
Begin MonoManager ReloadAssembly
Native extension for WindowsStandalone target not found
Native extension for OSXStandalone target not found
Refreshing native plugins compatible for Editor in 0.69 ms, found 1 plugins.
Preloading 0 native plugins for Editor in 0.00 ms.
Mono: successfully reloaded assembly
- Completed reload, in  1.373 seconds
Platform modules already initialized, skipping
Refreshing native plugins compatible for Editor in 0.56 ms, found 1 plugins.
Preloading 0 native plugins for Editor in 0.00 ms.
Unloading 1967 Unused Serialized files (Serialized files now loaded: 0)
System memory in use before: 101.8 MB.
System memory in use after: 101.6 MB.

Unloading 9 unused Assets to reduce memory usage. Loaded Objects now: 2517.
Total: 3.347300 ms (FindLiveObjects: 0.264800 ms CreateObjectMapping: 0.106400 ms MarkObjects: 2.686600 ms  DeleteObjects: 0.287800 ms)

========================================================================
Received Import Request.
  Time since last request: 443.634662 seconds.
  path: Assets/Scripts/Player.cs
  artifactKey: Guid(4388047b7486e1b4fab061def1c57bf4) Importer(815301076,1909f56bfc062723c751e8b465ee728b)
Start importing Assets/Scripts/Player.cs using Guid(4388047b7486e1b4fab061def1c57bf4) Importer(815301076,1909f56bfc062723c751e8b465ee728b)  -> (artifact id: 'ac1782c142c01790471b7e3f43a920c4') in 0.288201 seconds 
========================================================================
Received Prepare
Registering precompiled user dll's ...
Registered in 0.001099 seconds.
Begin MonoManager ReloadAssembly
Native extension for WindowsStandalone target not found
Native extension for OSXStandalone target not found
Refreshing native plugins compatible for Editor in 0.52 ms, found 1 plugins.
Preloading 0 native plugins for Editor in 0.00 ms.
Mono: successfully reloaded assembly
- Completed reload, in  1.308 seconds
Platform modules already initialized, skipping
Refreshing native plugins compatible for Editor in 0.74 ms, found 1 plugins.
Preloading 0 native plugins for Editor in 0.00 ms.
Unloading 1967 Unused Serialized files (Serialized files now loaded: 0)
System memory in use before: 101.8 MB.
System memory in use after: 101.6 MB.

Unloading 9 unused Assets to reduce memory usage. Loaded Objects now: 2520.
Total: 3.410700 ms (FindLiveObjects: 0.236100 ms CreateObjectMapping: 0.097000 ms MarkObjects: 2.806000 ms  DeleteObjects: 0.269400 ms)

========================================================================
Received Prepare
Registering precompiled user dll's ...
Registered in 0.001112 seconds.
Begin MonoManager ReloadAssembly
Native extension for WindowsStandalone target not found
Native extension for OSXStandalone target not found
Refreshing native plugins compatible for Editor in 0.64 ms, found 1 plugins.
Preloading 0 native plugins for Editor in 0.00 ms.
Mono: successfully reloaded assembly
- Completed reload, in  1.258 seconds
Platform modules already initialized, skipping
Refreshing native plugins compatible for Editor in 0.85 ms, found 1 plugins.
Preloading 0 native plugins for Editor in 0.00 ms.
Unloading 1967 Unused Serialized files (Serialized files now loaded: 0)
System memory in use before: 101.8 MB.
System memory in use after: 101.6 MB.

Unloading 9 unused Assets to reduce memory usage. Loaded Objects now: 2523.
Total: 5.271900 ms (FindLiveObjects: 0.327500 ms CreateObjectMapping: 0.260400 ms MarkObjects: 4.417600 ms  DeleteObjects: 0.264400 ms)

========================================================================
Received Import Request.
  Time since last request: 460.914858 seconds.
  path: Assets/Scripts/Player.cs
  artifactKey: Guid(4388047b7486e1b4fab061def1c57bf4) Importer(815301076,1909f56bfc062723c751e8b465ee728b)
Start importing Assets/Scripts/Player.cs using Guid(4388047b7486e1b4fab061def1c57bf4) Importer(815301076,1909f56bfc062723c751e8b465ee728b)  -> (artifact id: 'b39587921631352828605b59500a91f1') in 0.007414 seconds 
========================================================================
Received Import Request.
  Time since last request: 786.586501 seconds.
  path: Assets/Scripts/Player.cs
  artifactKey: Guid(4388047b7486e1b4fab061def1c57bf4) Importer(815301076,1909f56bfc062723c751e8b465ee728b)
Start importing Assets/Scripts/Player.cs using Guid(4388047b7486e1b4fab061def1c57bf4) Importer(815301076,1909f56bfc062723c751e8b465ee728b)  -> (artifact id: '04c22897a2a8aa40e90e8bcf40a2dbaf') in 0.004845 seconds 
========================================================================
Received Prepare
Registering precompiled user dll's ...
Registered in 0.019814 seconds.
Begin MonoManager ReloadAssembly
Native extension for WindowsStandalone target not found
Native extension for OSXStandalone target not found
Refreshing native plugins compatible for Editor in 0.69 ms, found 1 plugins.
Preloading 0 native plugins for Editor in 0.00 ms.
Mono: successfully reloaded assembly
- Completed reload, in  1.388 seconds
Platform modules already initialized, skipping
Refreshing native plugins compatible for Editor in 0.92 ms, found 1 plugins.
Preloading 0 native plugins for Editor in 0.00 ms.
Unloading 1967 Unused Serialized files (Serialized files now loaded: 0)
System memory in use before: 101.8 MB.
System memory in use after: 101.6 MB.

Unloading 9 unused Assets to reduce memory usage. Loaded Objects now: 2526.
Total: 6.230000 ms (FindLiveObjects: 0.275900 ms CreateObjectMapping: 0.103300 ms MarkObjects: 5.078300 ms  DeleteObjects: 0.768100 ms)

========================================================================
Received Prepare
Registering precompiled user dll's ...
Registered in 0.001080 seconds.
Begin MonoManager ReloadAssembly
Native extension for WindowsStandalone target not found
Native extension for OSXStandalone target not found
Refreshing native plugins compatible for Editor in 0.98 ms, found 1 plugins.
Preloading 0 native plugins for Editor in 0.00 ms.
Mono: successfully reloaded assembly
- Completed reload, in  1.400 seconds
Platform modules already initialized, skipping
Refreshing native plugins compatible for Editor in 0.70 ms, found 1 plugins.
Preloading 0 native plugins for Editor in 0.00 ms.
Unloading 1967 Unused Serialized files (Serialized files now loaded: 0)
System memory in use before: 101.8 MB.
System memory in use after: 101.6 MB.

Unloading 9 unused Assets to reduce memory usage. Loaded Objects now: 2529.
Total: 4.110000 ms (FindLiveObjects: 0.440900 ms CreateObjectMapping: 0.167200 ms MarkObjects: 3.154000 ms  DeleteObjects: 0.345600 ms)

========================================================================
Received Prepare
Registering precompiled user dll's ...
Registered in 0.014192 seconds.
Begin MonoManager ReloadAssembly
Native extension for WindowsStandalone target not found
Native extension for OSXStandalone target not found
Refreshing native plugins compatible for Editor in 0.48 ms, found 1 plugins.
Preloading 0 native plugins for Editor in 0.00 ms.
Mono: successfully reloaded assembly
- Completed reload, in  1.434 seconds
Platform modules already initialized, skipping
Refreshing native plugins compatible for Editor in 0.78 ms, found 1 plugins.
Preloading 0 native plugins for Editor in 0.00 ms.
Unloading 1967 Unused Serialized files (Serialized files now loaded: 0)
System memory in use before: 101.8 MB.
System memory in use after: 101.6 MB.

Unloading 9 unused Assets to reduce memory usage. Loaded Objects now: 2532.
Total: 3.863600 ms (FindLiveObjects: 0.372200 ms CreateObjectMapping: 0.189400 ms MarkObjects: 3.062600 ms  DeleteObjects: 0.237300 ms)

========================================================================
Received Prepare
Registering precompiled user dll's ...
Registered in 0.001104 seconds.
Begin MonoManager ReloadAssembly
Native extension for WindowsStandalone target not found
Native extension for OSXStandalone target not found
Refreshing native plugins compatible for Editor in 0.83 ms, found 1 plugins.
Preloading 0 native plugins for Editor in 0.00 ms.
Mono: successfully reloaded assembly
- Completed reload, in  1.448 seconds
Platform modules already initialized, skipping
Refreshing native plugins compatible for Editor in 1.03 ms, found 1 plugins.
Preloading 0 native plugins for Editor in 0.00 ms.
Unloading 1967 Unused Serialized files (Serialized files now loaded: 0)
System memory in use before: 101.8 MB.
System memory in use after: 101.7 MB.

Unloading 9 unused Assets to reduce memory usage. Loaded Objects now: 2535.
Total: 4.211300 ms (FindLiveObjects: 0.576000 ms CreateObjectMapping: 0.417300 ms MarkObjects: 2.931100 ms  DeleteObjects: 0.283700 ms)

========================================================================
Received Prepare
Registering precompiled user dll's ...
Registered in 0.001359 seconds.
Begin MonoManager ReloadAssembly
Native extension for WindowsStandalone target not found
Native extension for OSXStandalone target not found
Refreshing native plugins compatible for Editor in 0.77 ms, found 1 plugins.
Preloading 0 native plugins for Editor in 0.00 ms.
Mono: successfully reloaded assembly
- Completed reload, in  1.378 seconds
Platform modules already initialized, skipping
Refreshing native plugins compatible for Editor in 0.87 ms, found 1 plugins.
Preloading 0 native plugins for Editor in 0.00 ms.
Unloading 1967 Unused Serialized files (Serialized files now loaded: 0)
System memory in use before: 101.9 MB.
System memory in use after: 101.7 MB.

Unloading 9 unused Assets to reduce memory usage. Loaded Objects now: 2538.
Total: 4.351700 ms (FindLiveObjects: 0.342500 ms CreateObjectMapping: 0.215900 ms MarkObjects: 3.483900 ms  DeleteObjects: 0.307800 ms)

========================================================================
Received Prepare
Registering precompiled user dll's ...
Registered in 0.001599 seconds.
Begin MonoManager ReloadAssembly
Native extension for WindowsStandalone target not found
Native extension for OSXStandalone target not found
Refreshing native plugins compatible for Editor in 0.76 ms, found 1 plugins.
Preloading 0 native plugins for Editor in 0.00 ms.
Mono: successfully reloaded assembly
- Completed reload, in  1.163 seconds
Platform modules already initialized, skipping
Refreshing native plugins compatible for Editor in 0.47 ms, found 1 plugins.
Preloading 0 native plugins for Editor in 0.00 ms.
Unloading 1967 Unused Serialized files (Serialized files now loaded: 0)
System memory in use before: 101.9 MB.
System memory in use after: 101.7 MB.

Unloading 9 unused Assets to reduce memory usage. Loaded Objects now: 2541.
Total: 2.815700 ms (FindLiveObjects: 0.184100 ms CreateObjectMapping: 0.073300 ms MarkObjects: 2.285200 ms  DeleteObjects: 0.271900 ms)

========================================================================
Received Prepare
Registering precompiled user dll's ...
Registered in 0.003610 seconds.
Begin MonoManager ReloadAssembly
Native extension for WindowsStandalone target not found
Native extension for OSXStandalone target not found
Refreshing native plugins compatible for Editor in 0.49 ms, found 1 plugins.
Preloading 0 native plugins for Editor in 0.00 ms.
Mono: successfully reloaded assembly
- Completed reload, in  1.319 seconds
Platform modules already initialized, skipping
Refreshing native plugins compatible for Editor in 0.49 ms, found 1 plugins.
Preloading 0 native plugins for Editor in 0.00 ms.
Unloading 1967 Unused Serialized files (Serialized files now loaded: 0)
System memory in use before: 101.9 MB.
System memory in use after: 101.7 MB.

Unloading 9 unused Assets to reduce memory usage. Loaded Objects now: 2544.
Total: 3.291100 ms (FindLiveObjects: 0.194500 ms CreateObjectMapping: 0.136400 ms MarkObjects: 2.643600 ms  DeleteObjects: 0.315700 ms)

========================================================================
Received Prepare
Registering precompiled user dll's ...
Registered in 0.001850 seconds.
Begin MonoManager ReloadAssembly
Native extension for WindowsStandalone target not found
Native extension for OSXStandalone target not found
Refreshing native plugins compatible for Editor in 0.51 ms, found 1 plugins.
Preloading 0 native plugins for Editor in 0.00 ms.
Mono: successfully reloaded assembly
- Completed reload, in  1.346 seconds
Platform modules already initialized, skipping
Refreshing native plugins compatible for Editor in 0.51 ms, found 1 plugins.
Preloading 0 native plugins for Editor in 0.00 ms.
Unloading 1967 Unused Serialized files (Serialized files now loaded: 0)
System memory in use before: 101.9 MB.
System memory in use after: 101.7 MB.

Unloading 9 unused Assets to reduce memory usage. Loaded Objects now: 2547.
Total: 3.338200 ms (FindLiveObjects: 0.226100 ms CreateObjectMapping: 0.099600 ms MarkObjects: 2.762700 ms  DeleteObjects: 0.248700 ms)

========================================================================
Received Prepare
Registering precompiled user dll's ...
Registered in 0.001030 seconds.
Begin MonoManager ReloadAssembly
Native extension for WindowsStandalone target not found
Native extension for OSXStandalone target not found
Refreshing native plugins compatible for Editor in 0.56 ms, found 1 plugins.
Preloading 0 native plugins for Editor in 0.00 ms.
Mono: successfully reloaded assembly
- Completed reload, in  1.337 seconds
Platform modules already initialized, skipping
Refreshing native plugins compatible for Editor in 0.52 ms, found 1 plugins.
Preloading 0 native plugins for Editor in 0.00 ms.
Unloading 1967 Unused Serialized files (Serialized files now loaded: 0)
System memory in use before: 101.9 MB.
System memory in use after: 101.7 MB.

Unloading 9 unused Assets to reduce memory usage. Loaded Objects now: 2550.
Total: 7.020500 ms (FindLiveObjects: 0.286700 ms CreateObjectMapping: 0.213300 ms MarkObjects: 6.209300 ms  DeleteObjects: 0.308900 ms)

========================================================================
Received Prepare
Registering precompiled user dll's ...
Registered in 0.001068 seconds.
Begin MonoManager ReloadAssembly
Native extension for WindowsStandalone target not found
Native extension for OSXStandalone target not found
Refreshing native plugins compatible for Editor in 0.84 ms, found 1 plugins.
Preloading 0 native plugins for Editor in 0.00 ms.
Mono: successfully reloaded assembly
- Completed reload, in  1.351 seconds
Platform modules already initialized, skipping
Refreshing native plugins compatible for Editor in 0.69 ms, found 1 plugins.
Preloading 0 native plugins for Editor in 0.00 ms.
Unloading 1967 Unused Serialized files (Serialized files now loaded: 0)
System memory in use before: 101.9 MB.
System memory in use after: 101.7 MB.

Unloading 9 unused Assets to reduce memory usage. Loaded Objects now: 2553.
Total: 4.044900 ms (FindLiveObjects: 0.260300 ms CreateObjectMapping: 0.122700 ms MarkObjects: 3.413800 ms  DeleteObjects: 0.246100 ms)

========================================================================
Received Prepare
Registering precompiled user dll's ...
Registered in 0.001081 seconds.
Begin MonoManager ReloadAssembly
Native extension for WindowsStandalone target not found
Native extension for OSXStandalone target not found
Refreshing native plugins compatible for Editor in 0.88 ms, found 1 plugins.
Preloading 0 native plugins for Editor in 0.00 ms.
Mono: successfully reloaded assembly
- Completed reload, in  1.372 seconds
Platform modules already initialized, skipping
Refreshing native plugins compatible for Editor in 0.62 ms, found 1 plugins.
Preloading 0 native plugins for Editor in 0.00 ms.
Unloading 1967 Unused Serialized files (Serialized files now loaded: 0)
System memory in use before: 101.9 MB.
System memory in use after: 101.7 MB.

Unloading 9 unused Assets to reduce memory usage. Loaded Objects now: 2556.
Total: 3.367200 ms (FindLiveObjects: 0.437800 ms CreateObjectMapping: 0.224100 ms MarkObjects: 2.461700 ms  DeleteObjects: 0.241100 ms)

========================================================================
Received Prepare
Registering precompiled user dll's ...
Registered in 0.001281 seconds.
Begin MonoManager ReloadAssembly
Native extension for WindowsStandalone target not found
Native extension for OSXStandalone target not found
Refreshing native plugins compatible for Editor in 0.48 ms, found 1 plugins.
Preloading 0 native plugins for Editor in 0.00 ms.
Mono: successfully reloaded assembly
- Completed reload, in  1.354 seconds
Platform modules already initialized, skipping
Refreshing native plugins compatible for Editor in 0.54 ms, found 1 plugins.
Preloading 0 native plugins for Editor in 0.00 ms.
Unloading 1967 Unused Serialized files (Serialized files now loaded: 0)
System memory in use before: 101.9 MB.
System memory in use after: 101.7 MB.

Unloading 9 unused Assets to reduce memory usage. Loaded Objects now: 2559.
Total: 2.829600 ms (FindLiveObjects: 0.195800 ms CreateObjectMapping: 0.071700 ms MarkObjects: 2.289500 ms  DeleteObjects: 0.271500 ms)

========================================================================
Received Prepare
Registering precompiled user dll's ...
Registered in 0.001054 seconds.
Begin MonoManager ReloadAssembly
Native extension for WindowsStandalone target not found
Native extension for OSXStandalone target not found
Refreshing native plugins compatible for Editor in 0.70 ms, found 1 plugins.
Preloading 0 native plugins for Editor in 0.00 ms.
Mono: successfully reloaded assembly
- Completed reload, in  1.179 seconds
Platform modules already initialized, skipping
Refreshing native plugins compatible for Editor in 0.51 ms, found 1 plugins.
Preloading 0 native plugins for Editor in 0.00 ms.
Unloading 1967 Unused Serialized files (Serialized files now loaded: 0)
System memory in use before: 101.9 MB.
System memory in use after: 101.7 MB.

Unloading 9 unused Assets to reduce memory usage. Loaded Objects now: 2562.
Total: 2.987900 ms (FindLiveObjects: 0.309400 ms CreateObjectMapping: 0.090000 ms MarkObjects: 2.332500 ms  DeleteObjects: 0.253800 ms)

========================================================================
Received Prepare
Registering precompiled user dll's ...
Registered in 0.001040 seconds.
Begin MonoManager ReloadAssembly
Native extension for WindowsStandalone target not found
Native extension for OSXStandalone target not found
Refreshing native plugins compatible for Editor in 0.84 ms, found 1 plugins.
Preloading 0 native plugins for Editor in 0.00 ms.
Mono: successfully reloaded assembly
- Completed reload, in  1.308 seconds
Platform modules already initialized, skipping
Refreshing native plugins compatible for Editor in 0.46 ms, found 1 plugins.
Preloading 0 native plugins for Editor in 0.00 ms.
Unloading 1967 Unused Serialized files (Serialized files now loaded: 0)
System memory in use before: 101.9 MB.
System memory in use after: 101.7 MB.

Unloading 9 unused Assets to reduce memory usage. Loaded Objects now: 2565.
Total: 2.559000 ms (FindLiveObjects: 0.176700 ms CreateObjectMapping: 0.085800 ms MarkObjects: 2.047000 ms  DeleteObjects: 0.248200 ms)

========================================================================
Received Prepare
Registering precompiled user dll's ...
Registered in 0.001669 seconds.
Begin MonoManager ReloadAssembly
Native extension for WindowsStandalone target not found
Native extension for OSXStandalone target not found
Refreshing native plugins compatible for Editor in 1.17 ms, found 1 plugins.
Preloading 0 native plugins for Editor in 0.00 ms.
Mono: successfully reloaded assembly
- Completed reload, in  1.324 seconds
Platform modules already initialized, skipping
Refreshing native plugins compatible for Editor in 0.85 ms, found 1 plugins.
Preloading 0 native plugins for Editor in 0.00 ms.
Unloading 1967 Unused Serialized files (Serialized files now loaded: 0)
System memory in use before: 102.0 MB.
System memory in use after: 101.8 MB.

Unloading 9 unused Assets to reduce memory usage. Loaded Objects now: 2568.
Total: 3.182400 ms (FindLiveObjects: 0.212900 ms CreateObjectMapping: 0.132700 ms MarkObjects: 2.553900 ms  DeleteObjects: 0.281400 ms)

========================================================================
Received Prepare
Registering precompiled user dll's ...
Registered in 0.001096 seconds.
Begin MonoManager ReloadAssembly
Native extension for WindowsStandalone target not found
Native extension for OSXStandalone target not found
Refreshing native plugins compatible for Editor in 0.50 ms, found 1 plugins.
Preloading 0 native plugins for Editor in 0.00 ms.
Mono: successfully reloaded assembly
- Completed reload, in  1.370 seconds
Platform modules already initialized, skipping
Refreshing native plugins compatible for Editor in 0.51 ms, found 1 plugins.
Preloading 0 native plugins for Editor in 0.00 ms.
Unloading 1967 Unused Serialized files (Serialized files now loaded: 0)
System memory in use before: 101.9 MB.
System memory in use after: 101.8 MB.

Unloading 9 unused Assets to reduce memory usage. Loaded Objects now: 2571.
Total: 3.741800 ms (FindLiveObjects: 0.387400 ms CreateObjectMapping: 0.191600 ms MarkObjects: 2.915800 ms  DeleteObjects: 0.245300 ms)

========================================================================
Received Prepare
Registering precompiled user dll's ...
Registered in 0.001709 seconds.
Begin MonoManager ReloadAssembly
Native extension for WindowsStandalone target not found
Native extension for OSXStandalone target not found
Refreshing native plugins compatible for Editor in 0.90 ms, found 1 plugins.
Preloading 0 native plugins for Editor in 0.00 ms.
Mono: successfully reloaded assembly
- Completed reload, in  1.374 seconds
Platform modules already initialized, skipping
Refreshing native plugins compatible for Editor in 0.67 ms, found 1 plugins.
Preloading 0 native plugins for Editor in 0.00 ms.
Unloading 1967 Unused Serialized files (Serialized files now loaded: 0)
System memory in use before: 102.0 MB.
System memory in use after: 101.8 MB.

Unloading 9 unused Assets to reduce memory usage. Loaded Objects now: 2574.
Total: 3.411200 ms (FindLiveObjects: 0.217300 ms CreateObjectMapping: 0.121300 ms MarkObjects: 2.707900 ms  DeleteObjects: 0.363000 ms)

========================================================================
Received Prepare
Registering precompiled user dll's ...
Registered in 0.001013 seconds.
Begin MonoManager ReloadAssembly
Native extension for WindowsStandalone target not found
Native extension for OSXStandalone target not found
Refreshing native plugins compatible for Editor in 0.52 ms, found 1 plugins.
Preloading 0 native plugins for Editor in 0.00 ms.
Mono: successfully reloaded assembly
- Completed reload, in  1.321 seconds
Platform modules already initialized, skipping
Refreshing native plugins compatible for Editor in 0.48 ms, found 1 plugins.
Preloading 0 native plugins for Editor in 0.00 ms.
Unloading 1968 Unused Serialized files (Serialized files now loaded: 0)
System memory in use before: 102.0 MB.
System memory in use after: 101.8 MB.

Unloading 9 unused Assets to reduce memory usage. Loaded Objects now: 2578.
Total: 2.792200 ms (FindLiveObjects: 0.195200 ms CreateObjectMapping: 0.085500 ms MarkObjects: 2.223300 ms  DeleteObjects: 0.287200 ms)

========================================================================
Received Import Request.
  Time since last request: 2873.303870 seconds.
  path: Assets/CameraFollow.cs
  artifactKey: Guid(19da6662dee7b65499f5972021cc1157) Importer(815301076,1909f56bfc062723c751e8b465ee728b)
Start importing Assets/CameraFollow.cs using Guid(19da6662dee7b65499f5972021cc1157) Importer(815301076,1909f56bfc062723c751e8b465ee728b)  -> (artifact id: '1ed3678ddcd866324fa9549520475f39') in 0.027129 seconds 
========================================================================
Received Prepare
Registering precompiled user dll's ...
Registered in 0.001102 seconds.
Begin MonoManager ReloadAssembly
Native extension for WindowsStandalone target not found
Native extension for OSXStandalone target not found
Refreshing native plugins compatible for Editor in 0.51 ms, found 1 plugins.
Preloading 0 native plugins for Editor in 0.00 ms.
Mono: successfully reloaded assembly
- Completed reload, in  1.193 seconds
Platform modules already initialized, skipping
Refreshing native plugins compatible for Editor in 0.50 ms, found 1 plugins.
Preloading 0 native plugins for Editor in 0.00 ms.
Unloading 1968 Unused Serialized files (Serialized files now loaded: 0)
System memory in use before: 102.0 MB.
System memory in use after: 101.8 MB.

Unloading 9 unused Assets to reduce memory usage. Loaded Objects now: 2581.
Total: 2.631500 ms (FindLiveObjects: 0.201000 ms CreateObjectMapping: 0.097800 ms MarkObjects: 2.052900 ms  DeleteObjects: 0.278500 ms)

========================================================================
Received Prepare
Registering precompiled user dll's ...
Registered in 0.011478 seconds.
Begin MonoManager ReloadAssembly
Native extension for WindowsStandalone target not found
Native extension for OSXStandalone target not found
Refreshing native plugins compatible for Editor in 0.52 ms, found 1 plugins.
Preloading 0 native plugins for Editor in 0.00 ms.
Mono: successfully reloaded assembly
- Completed reload, in  1.363 seconds
Platform modules already initialized, skipping
Refreshing native plugins compatible for Editor in 0.53 ms, found 1 plugins.
Preloading 0 native plugins for Editor in 0.00 ms.
Unloading 1968 Unused Serialized files (Serialized files now loaded: 0)
System memory in use before: 102.0 MB.
System memory in use after: 101.8 MB.

Unloading 9 unused Assets to reduce memory usage. Loaded Objects now: 2584.
Total: 3.790200 ms (FindLiveObjects: 0.383300 ms CreateObjectMapping: 0.176800 ms MarkObjects: 2.991000 ms  DeleteObjects: 0.237000 ms)

========================================================================
Received Prepare
Registering precompiled user dll's ...
Registered in 0.001143 seconds.
Begin MonoManager ReloadAssembly
Native extension for WindowsStandalone target not found
Native extension for OSXStandalone target not found
Refreshing native plugins compatible for Editor in 0.57 ms, found 1 plugins.
Preloading 0 native plugins for Editor in 0.00 ms.
Mono: successfully reloaded assembly
- Completed reload, in  1.408 seconds
Platform modules already initialized, skipping
Refreshing native plugins compatible for Editor in 0.57 ms, found 1 plugins.
Preloading 0 native plugins for Editor in 0.00 ms.
Unloading 1968 Unused Serialized files (Serialized files now loaded: 0)
System memory in use before: 102.0 MB.
System memory in use after: 101.8 MB.

Unloading 9 unused Assets to reduce memory usage. Loaded Objects now: 2587.
Total: 6.284500 ms (FindLiveObjects: 0.215200 ms CreateObjectMapping: 0.104500 ms MarkObjects: 5.365500 ms  DeleteObjects: 0.596100 ms)

========================================================================
Received Prepare
Registering precompiled user dll's ...
Registered in 0.001388 seconds.
Begin MonoManager ReloadAssembly
Native extension for WindowsStandalone target not found
Native extension for OSXStandalone target not found
Refreshing native plugins compatible for Editor in 0.52 ms, found 1 plugins.
Preloading 0 native plugins for Editor in 0.00 ms.
Mono: successfully reloaded assembly
- Completed reload, in  1.377 seconds
Platform modules already initialized, skipping
Refreshing native plugins compatible for Editor in 0.59 ms, found 1 plugins.
Preloading 0 native plugins for Editor in 0.00 ms.
Unloading 1968 Unused Serialized files (Serialized files now loaded: 0)
System memory in use before: 102.0 MB.
System memory in use after: 101.8 MB.

Unloading 9 unused Assets to reduce memory usage. Loaded Objects now: 2590.
Total: 3.620000 ms (FindLiveObjects: 0.258000 ms CreateObjectMapping: 0.110100 ms MarkObjects: 2.983400 ms  DeleteObjects: 0.266500 ms)

========================================================================
Received Prepare
Registering precompiled user dll's ...
Registered in 0.002598 seconds.
Begin MonoManager ReloadAssembly
Native extension for WindowsStandalone target not found
Native extension for OSXStandalone target not found
Refreshing native plugins compatible for Editor in 1.16 ms, found 1 plugins.
Preloading 0 native plugins for Editor in 0.00 ms.
Mono: successfully reloaded assembly
- Completed reload, in  1.465 seconds
Platform modules already initialized, skipping
Refreshing native plugins compatible for Editor in 0.69 ms, found 1 plugins.
Preloading 0 native plugins for Editor in 0.00 ms.
Unloading 1968 Unused Serialized files (Serialized files now loaded: 0)
System memory in use before: 102.0 MB.
System memory in use after: 101.8 MB.

Unloading 9 unused Assets to reduce memory usage. Loaded Objects now: 2593.
Total: 5.666100 ms (FindLiveObjects: 1.302000 ms CreateObjectMapping: 0.816000 ms MarkObjects: 3.299500 ms  DeleteObjects: 0.245600 ms)

========================================================================
Received Prepare
Registering precompiled user dll's ...
Registered in 0.001149 seconds.
Begin MonoManager ReloadAssembly
Native extension for WindowsStandalone target not found
Native extension for OSXStandalone target not found
Refreshing native plugins compatible for Editor in 0.83 ms, found 1 plugins.
Preloading 0 native plugins for Editor in 0.00 ms.
Mono: successfully reloaded assembly
- Completed reload, in  1.551 seconds
Platform modules already initialized, skipping
Refreshing native plugins compatible for Editor in 1.09 ms, found 1 plugins.
Preloading 0 native plugins for Editor in 0.00 ms.
Unloading 1968 Unused Serialized files (Serialized files now loaded: 0)
System memory in use before: 102.0 MB.
System memory in use after: 101.9 MB.

Unloading 9 unused Assets to reduce memory usage. Loaded Objects now: 2596.
Total: 3.521200 ms (FindLiveObjects: 0.217100 ms CreateObjectMapping: 0.107500 ms MarkObjects: 2.766400 ms  DeleteObjects: 0.428000 ms)

========================================================================
Received Prepare
Registering precompiled user dll's ...
Registered in 0.001120 seconds.
Begin MonoManager ReloadAssembly
Native extension for WindowsStandalone target not found
Native extension for OSXStandalone target not found
Refreshing native plugins compatible for Editor in 0.63 ms, found 1 plugins.
Preloading 0 native plugins for Editor in 0.00 ms.
Mono: successfully reloaded assembly
- Completed reload, in  1.367 seconds
Platform modules already initialized, skipping
Refreshing native plugins compatible for Editor in 0.50 ms, found 1 plugins.
Preloading 0 native plugins for Editor in 0.00 ms.
Unloading 1968 Unused Serialized files (Serialized files now loaded: 0)
System memory in use before: 102.1 MB.
System memory in use after: 101.9 MB.

Unloading 9 unused Assets to reduce memory usage. Loaded Objects now: 2599.
Total: 2.849800 ms (FindLiveObjects: 0.196100 ms CreateObjectMapping: 0.079500 ms MarkObjects: 2.295800 ms  DeleteObjects: 0.277600 ms)

========================================================================
Received Prepare
Registering precompiled user dll's ...
Registered in 0.001767 seconds.
Begin MonoManager ReloadAssembly
Native extension for WindowsStandalone target not found
Native extension for OSXStandalone target not found
Refreshing native plugins compatible for Editor in 0.48 ms, found 1 plugins.
Preloading 0 native plugins for Editor in 0.00 ms.
Mono: successfully reloaded assembly
- Completed reload, in  1.192 seconds
Platform modules already initialized, skipping
Refreshing native plugins compatible for Editor in 0.52 ms, found 1 plugins.
Preloading 0 native plugins for Editor in 0.00 ms.
Unloading 1968 Unused Serialized files (Serialized files now loaded: 0)
System memory in use before: 102.1 MB.
System memory in use after: 101.9 MB.

Unloading 9 unused Assets to reduce memory usage. Loaded Objects now: 2602.
Total: 3.009800 ms (FindLiveObjects: 0.229200 ms CreateObjectMapping: 0.102900 ms MarkObjects: 2.424300 ms  DeleteObjects: 0.252100 ms)

========================================================================
Received Prepare
Registering precompiled user dll's ...
Registered in 0.002510 seconds.
Begin MonoManager ReloadAssembly
Native extension for WindowsStandalone target not found
Native extension for OSXStandalone target not found
Refreshing native plugins compatible for Editor in 0.79 ms, found 1 plugins.
Preloading 0 native plugins for Editor in 0.00 ms.
Mono: successfully reloaded assembly
- Completed reload, in  1.354 seconds
Platform modules already initialized, skipping
Refreshing native plugins compatible for Editor in 0.64 ms, found 1 plugins.
Preloading 0 native plugins for Editor in 0.00 ms.
Unloading 1968 Unused Serialized files (Serialized files now loaded: 0)
System memory in use before: 102.1 MB.
System memory in use after: 101.9 MB.

Unloading 9 unused Assets to reduce memory usage. Loaded Objects now: 2605.
Total: 5.605000 ms (FindLiveObjects: 0.328800 ms CreateObjectMapping: 0.219300 ms MarkObjects: 4.672200 ms  DeleteObjects: 0.381400 ms)

========================================================================
Received Prepare
Registering precompiled user dll's ...
Registered in 0.001286 seconds.
Begin MonoManager ReloadAssembly
Native extension for WindowsStandalone target not found
Native extension for OSXStandalone target not found
Refreshing native plugins compatible for Editor in 0.55 ms, found 1 plugins.
Preloading 0 native plugins for Editor in 0.00 ms.
Mono: successfully reloaded assembly
- Completed reload, in  1.105 seconds
Platform modules already initialized, skipping
Refreshing native plugins compatible for Editor in 0.48 ms, found 1 plugins.
Preloading 0 native plugins for Editor in 0.00 ms.
Unloading 1968 Unused Serialized files (Serialized files now loaded: 0)
System memory in use before: 102.1 MB.
System memory in use after: 101.9 MB.

Unloading 9 unused Assets to reduce memory usage. Loaded Objects now: 2608.
Total: 2.987700 ms (FindLiveObjects: 0.270800 ms CreateObjectMapping: 0.088200 ms MarkObjects: 2.358600 ms  DeleteObjects: 0.268600 ms)

========================================================================
Received Prepare
Registering precompiled user dll's ...
Registered in 0.001331 seconds.
Begin MonoManager ReloadAssembly
Native extension for WindowsStandalone target not found
Native extension for OSXStandalone target not found
Refreshing native plugins compatible for Editor in 0.54 ms, found 1 plugins.
Preloading 0 native plugins for Editor in 0.00 ms.
Mono: successfully reloaded assembly
- Completed reload, in  1.028 seconds
Platform modules already initialized, skipping
Refreshing native plugins compatible for Editor in 0.48 ms, found 1 plugins.
Preloading 0 native plugins for Editor in 0.00 ms.
Unloading 1968 Unused Serialized files (Serialized files now loaded: 0)
System memory in use before: 102.1 MB.
System memory in use after: 101.9 MB.

Unloading 9 unused Assets to reduce memory usage. Loaded Objects now: 2611.
Total: 2.957900 ms (FindLiveObjects: 0.213700 ms CreateObjectMapping: 0.091300 ms MarkObjects: 2.389700 ms  DeleteObjects: 0.262000 ms)

========================================================================
Received Prepare
Registering precompiled user dll's ...
Registered in 0.001242 seconds.
Begin MonoManager ReloadAssembly
Native extension for WindowsStandalone target not found
Native extension for OSXStandalone target not found
Refreshing native plugins compatible for Editor in 0.50 ms, found 1 plugins.
Preloading 0 native plugins for Editor in 0.00 ms.
Mono: successfully reloaded assembly
- Completed reload, in  1.036 seconds
Platform modules already initialized, skipping
Refreshing native plugins compatible for Editor in 0.52 ms, found 1 plugins.
Preloading 0 native plugins for Editor in 0.00 ms.
Unloading 1968 Unused Serialized files (Serialized files now loaded: 0)
System memory in use before: 102.1 MB.
System memory in use after: 101.9 MB.

Unloading 9 unused Assets to reduce memory usage. Loaded Objects now: 2614.
Total: 3.126500 ms (FindLiveObjects: 0.200700 ms CreateObjectMapping: 0.139400 ms MarkObjects: 2.529200 ms  DeleteObjects: 0.256000 ms)

========================================================================
Received Prepare
Registering precompiled user dll's ...
Registered in 0.001271 seconds.
Begin MonoManager ReloadAssembly
Native extension for WindowsStandalone target not found
Native extension for OSXStandalone target not found
Refreshing native plugins compatible for Editor in 0.58 ms, found 1 plugins.
Preloading 0 native plugins for Editor in 0.00 ms.
Mono: successfully reloaded assembly
- Completed reload, in  1.052 seconds
Platform modules already initialized, skipping
Refreshing native plugins compatible for Editor in 0.58 ms, found 1 plugins.
Preloading 0 native plugins for Editor in 0.00 ms.
Unloading 1968 Unused Serialized files (Serialized files now loaded: 0)
System memory in use before: 102.1 MB.
System memory in use after: 101.9 MB.

Unloading 9 unused Assets to reduce memory usage. Loaded Objects now: 2617.
Total: 2.873900 ms (FindLiveObjects: 0.195600 ms CreateObjectMapping: 0.084000 ms MarkObjects: 2.307000 ms  DeleteObjects: 0.286100 ms)

========================================================================
Received Prepare
Registering precompiled user dll's ...
Registered in 0.001099 seconds.
Begin MonoManager ReloadAssembly
Native extension for WindowsStandalone target not found
Native extension for OSXStandalone target not found
Refreshing native plugins compatible for Editor in 0.62 ms, found 1 plugins.
Preloading 0 native plugins for Editor in 0.00 ms.
Mono: successfully reloaded assembly
- Completed reload, in  1.315 seconds
Platform modules already initialized, skipping
Refreshing native plugins compatible for Editor in 0.52 ms, found 1 plugins.
Preloading 0 native plugins for Editor in 0.00 ms.
Unloading 1968 Unused Serialized files (Serialized files now loaded: 0)
System memory in use before: 102.1 MB.
System memory in use after: 101.9 MB.

Unloading 9 unused Assets to reduce memory usage. Loaded Objects now: 2620.
Total: 2.699600 ms (FindLiveObjects: 0.186300 ms CreateObjectMapping: 0.082800 ms MarkObjects: 2.152200 ms  DeleteObjects: 0.277400 ms)

========================================================================
Received Prepare
Registering precompiled user dll's ...
Registered in 0.001402 seconds.
Begin MonoManager ReloadAssembly
Native extension for WindowsStandalone target not found
Native extension for OSXStandalone target not found
Refreshing native plugins compatible for Editor in 0.65 ms, found 1 plugins.
Preloading 0 native plugins for Editor in 0.00 ms.
Mono: successfully reloaded assembly
- Completed reload, in  1.396 seconds
Platform modules already initialized, skipping
Refreshing native plugins compatible for Editor in 0.86 ms, found 1 plugins.
Preloading 0 native plugins for Editor in 0.00 ms.
Unloading 1968 Unused Serialized files (Serialized files now loaded: 0)
System memory in use before: 102.1 MB.
System memory in use after: 101.9 MB.

Unloading 9 unused Assets to reduce memory usage. Loaded Objects now: 2623.
Total: 3.954500 ms (FindLiveObjects: 0.256600 ms CreateObjectMapping: 0.102700 ms MarkObjects: 3.311200 ms  DeleteObjects: 0.266200 ms)

========================================================================
Received Prepare
Registering precompiled user dll's ...
Registered in 0.001453 seconds.
Begin MonoManager ReloadAssembly
Native extension for WindowsStandalone target not found
Native extension for OSXStandalone target not found
Refreshing native plugins compatible for Editor in 0.82 ms, found 1 plugins.
Preloading 0 native plugins for Editor in 0.00 ms.
Mono: successfully reloaded assembly
- Completed reload, in  1.275 seconds
Platform modules already initialized, skipping
Refreshing native plugins compatible for Editor in 0.54 ms, found 1 plugins.
Preloading 0 native plugins for Editor in 0.00 ms.
Unloading 1968 Unused Serialized files (Serialized files now loaded: 0)
System memory in use before: 102.1 MB.
System memory in use after: 101.9 MB.

Unloading 9 unused Assets to reduce memory usage. Loaded Objects now: 2626.
Total: 3.967600 ms (FindLiveObjects: 0.383800 ms CreateObjectMapping: 0.227700 ms MarkObjects: 3.135500 ms  DeleteObjects: 0.218600 ms)

========================================================================
Received Prepare
Registering precompiled user dll's ...
Registered in 0.001963 seconds.
Begin MonoManager ReloadAssembly
Native extension for WindowsStandalone target not found
Native extension for OSXStandalone target not found
Refreshing native plugins compatible for Editor in 0.87 ms, found 1 plugins.
Preloading 0 native plugins for Editor in 0.00 ms.
Mono: successfully reloaded assembly
- Completed reload, in  1.101 seconds
Platform modules already initialized, skipping
Refreshing native plugins compatible for Editor in 0.50 ms, found 1 plugins.
Preloading 0 native plugins for Editor in 0.00 ms.
Unloading 1968 Unused Serialized files (Serialized files now loaded: 0)
System memory in use before: 102.1 MB.
System memory in use after: 101.9 MB.

Unloading 9 unused Assets to reduce memory usage. Loaded Objects now: 2629.
Total: 3.219700 ms (FindLiveObjects: 0.274500 ms CreateObjectMapping: 0.101500 ms MarkObjects: 2.569500 ms  DeleteObjects: 0.272800 ms)

========================================================================
Received Import Request.
  Time since last request: 1199.340181 seconds.
  path: Assets/Scripts/CameraFollow.cs
  artifactKey: Guid(19da6662dee7b65499f5972021cc1157) Importer(815301076,1909f56bfc062723c751e8b465ee728b)
Start importing Assets/Scripts/CameraFollow.cs using Guid(19da6662dee7b65499f5972021cc1157) Importer(815301076,1909f56bfc062723c751e8b465ee728b)  -> (artifact id: '4dd3e52dd5dacfb0ad335cf69a861636') in 0.007250 seconds 
========================================================================
Received Import Request.
  Time since last request: 10.241773 seconds.
  path: Assets/Scripts/CameraFollow.cs
  artifactKey: Guid(19da6662dee7b65499f5972021cc1157) Importer(815301076,1909f56bfc062723c751e8b465ee728b)
Start importing Assets/Scripts/CameraFollow.cs using Guid(19da6662dee7b65499f5972021cc1157) Importer(815301076,1909f56bfc062723c751e8b465ee728b)  -> (artifact id: '00000000000000000000000000000000') in 0.000325 seconds  code(4) message(Build asset version error: assets/scripts/camerafollow.cs in SourceAssetDB has modification time of '2021-05-07T16:11:47.7932709Z' while content on disk has modification time of '2021-05-07T16:11:47.9772809Z')
  ERROR: Build asset version error: assets/scripts/camerafollow.cs in SourceAssetDB has modification time of '2021-05-07T16:11:47.7932709Z' while content on disk has modification time of '2021-05-07T16:11:47.9772809Z'
========================================================================
Received Import Request.
  Time since last request: 42.941815 seconds.
  path: Assets/Scripts/CameraFollow.cs
  artifactKey: Guid(19da6662dee7b65499f5972021cc1157) Importer(815301076,1909f56bfc062723c751e8b465ee728b)
Start importing Assets/Scripts/CameraFollow.cs using Guid(19da6662dee7b65499f5972021cc1157) Importer(815301076,1909f56bfc062723c751e8b465ee728b)  -> (artifact id: '458a16661ed0d81d7ea9b98ddd0f2bfa') in 0.006161 seconds 
========================================================================
Received Prepare
Registering precompiled user dll's ...
Registered in 0.001575 seconds.
Begin MonoManager ReloadAssembly
Native extension for WindowsStandalone target not found
Native extension for OSXStandalone target not found
Refreshing native plugins compatible for Editor in 0.50 ms, found 1 plugins.
Preloading 0 native plugins for Editor in 0.00 ms.
Mono: successfully reloaded assembly
- Completed reload, in  1.245 seconds
Platform modules already initialized, skipping
Refreshing native plugins compatible for Editor in 0.53 ms, found 1 plugins.
Preloading 0 native plugins for Editor in 0.00 ms.
Unloading 1968 Unused Serialized files (Serialized files now loaded: 0)
System memory in use before: 102.1 MB.
System memory in use after: 102.0 MB.

Unloading 9 unused Assets to reduce memory usage. Loaded Objects now: 2632.
Total: 2.979400 ms (FindLiveObjects: 0.218400 ms CreateObjectMapping: 0.158200 ms MarkObjects: 2.316700 ms  DeleteObjects: 0.285100 ms)

========================================================================
Received Import Request.
  Time since last request: 134.239290 seconds.
  path: Assets/Scripts/Player.cs
  artifactKey: Guid(4388047b7486e1b4fab061def1c57bf4) Importer(815301076,1909f56bfc062723c751e8b465ee728b)
Start importing Assets/Scripts/Player.cs using Guid(4388047b7486e1b4fab061def1c57bf4) Importer(815301076,1909f56bfc062723c751e8b465ee728b)  -> (artifact id: 'c5206539f555fc969e6cf6903a1bdfe6') in 0.007185 seconds 
========================================================================
Received Prepare
Registering precompiled user dll's ...
Registered in 0.002178 seconds.
Begin MonoManager ReloadAssembly
Native extension for WindowsStandalone target not found
Native extension for OSXStandalone target not found
Refreshing native plugins compatible for Editor in 1.25 ms, found 1 plugins.
Preloading 0 native plugins for Editor in 0.00 ms.
Mono: successfully reloaded assembly
- Completed reload, in  2.350 seconds
Platform modules already initialized, skipping
Refreshing native plugins compatible for Editor in 0.65 ms, found 1 plugins.
Preloading 0 native plugins for Editor in 0.00 ms.
Unloading 1968 Unused Serialized files (Serialized files now loaded: 0)
System memory in use before: 102.2 MB.
System memory in use after: 102.0 MB.

Unloading 9 unused Assets to reduce memory usage. Loaded Objects now: 2635.
Total: 3.446000 ms (FindLiveObjects: 0.204300 ms CreateObjectMapping: 0.100700 ms MarkObjects: 2.765000 ms  DeleteObjects: 0.374900 ms)

========================================================================
Received Import Request.
  Time since last request: 115.834548 seconds.
  path: Assets/Scripts/Player.cs
  artifactKey: Guid(4388047b7486e1b4fab061def1c57bf4) Importer(815301076,1909f56bfc062723c751e8b465ee728b)
Start importing Assets/Scripts/Player.cs using Guid(4388047b7486e1b4fab061def1c57bf4) Importer(815301076,1909f56bfc062723c751e8b465ee728b)  -> (artifact id: 'ad544e8771290f5e71c8b5d6a64ad91d') in 0.008037 seconds 
========================================================================
Received Import Request.
  Time since last request: 17.143172 seconds.
  path: Assets/Scripts/Player.cs
  artifactKey: Guid(4388047b7486e1b4fab061def1c57bf4) Importer(815301076,1909f56bfc062723c751e8b465ee728b)
Start importing Assets/Scripts/Player.cs using Guid(4388047b7486e1b4fab061def1c57bf4) Importer(815301076,1909f56bfc062723c751e8b465ee728b)  -> (artifact id: 'ae1e2d5671cf9f13dc2ce87eec3b8f8b') in 0.004949 seconds 
========================================================================
Received Import Request.
  Time since last request: 3.034774 seconds.
  path: Assets/Scripts/Player.cs
  artifactKey: Guid(4388047b7486e1b4fab061def1c57bf4) Importer(815301076,1909f56bfc062723c751e8b465ee728b)
Start importing Assets/Scripts/Player.cs using Guid(4388047b7486e1b4fab061def1c57bf4) Importer(815301076,1909f56bfc062723c751e8b465ee728b)  -> (artifact id: 'cd584118820dfa734dd70901f7a3f086') in 0.004121 seconds 
========================================================================
Received Prepare
Registering precompiled user dll's ...
Registered in 0.001446 seconds.
Begin MonoManager ReloadAssembly
Native extension for WindowsStandalone target not found
Native extension for OSXStandalone target not found
Refreshing native plugins compatible for Editor in 0.68 ms, found 1 plugins.
Preloading 0 native plugins for Editor in 0.00 ms.
Mono: successfully reloaded assembly
- Completed reload, in  1.250 seconds
Platform modules already initialized, skipping
Refreshing native plugins compatible for Editor in 0.91 ms, found 1 plugins.
Preloading 0 native plugins for Editor in 0.00 ms.
Unloading 1968 Unused Serialized files (Serialized files now loaded: 0)
System memory in use before: 102.2 MB.
System memory in use after: 102.0 MB.

Unloading 9 unused Assets to reduce memory usage. Loaded Objects now: 2638.
Total: 4.222200 ms (FindLiveObjects: 0.230000 ms CreateObjectMapping: 0.102600 ms MarkObjects: 3.609200 ms  DeleteObjects: 0.278000 ms)

========================================================================
Received Prepare
Registering precompiled user dll's ...
Registered in 0.002636 seconds.
Begin MonoManager ReloadAssembly
Symbol file data-000002094DAB0590 doesn't match image D:\MS Word files\School\ADMU\3rd year\2nd Sem\ISCS Game Dev\Tile-based\Library\ScriptAssemblies\Assembly-CSharp.dll
Symbol file LoadedFromMemory is not a mono symbol file
Native extension for WindowsStandalone target not found
Native extension for OSXStandalone target not found
Refreshing native plugins compatible for Editor in 0.53 ms, found 1 plugins.
Preloading 0 native plugins for Editor in 0.00 ms.
Mono: successfully reloaded assembly
- Completed reload, in  1.221 seconds
Platform modules already initialized, skipping
Refreshing native plugins compatible for Editor in 0.49 ms, found 1 plugins.
Preloading 0 native plugins for Editor in 0.00 ms.
Unloading 1968 Unused Serialized files (Serialized files now loaded: 0)
System memory in use before: 102.2 MB.
System memory in use after: 102.0 MB.

Unloading 9 unused Assets to reduce memory usage. Loaded Objects now: 2641.
Total: 2.936000 ms (FindLiveObjects: 0.227400 ms CreateObjectMapping: 0.096100 ms MarkObjects: 2.373900 ms  DeleteObjects: 0.237300 ms)

========================================================================
Received Import Request.
  Time since last request: 45.665215 seconds.
  path: Assets/Scripts/Player.cs
  artifactKey: Guid(4388047b7486e1b4fab061def1c57bf4) Importer(815301076,1909f56bfc062723c751e8b465ee728b)
Start importing Assets/Scripts/Player.cs using Guid(4388047b7486e1b4fab061def1c57bf4) Importer(815301076,1909f56bfc062723c751e8b465ee728b)  -> (artifact id: '75413ba15e75ad8444159ed91b831e50') in 0.012750 seconds 
========================================================================
Received Prepare
Registering precompiled user dll's ...
Registered in 0.001086 seconds.
Begin MonoManager ReloadAssembly
Native extension for WindowsStandalone target not found
Native extension for OSXStandalone target not found
Refreshing native plugins compatible for Editor in 0.60 ms, found 1 plugins.
Preloading 0 native plugins for Editor in 0.00 ms.
Mono: successfully reloaded assembly
- Completed reload, in  1.359 seconds
Platform modules already initialized, skipping
Refreshing native plugins compatible for Editor in 1.02 ms, found 1 plugins.
Preloading 0 native plugins for Editor in 0.00 ms.
Unloading 1968 Unused Serialized files (Serialized files now loaded: 0)
System memory in use before: 102.2 MB.
System memory in use after: 102.0 MB.

Unloading 9 unused Assets to reduce memory usage. Loaded Objects now: 2644.
Total: 3.699500 ms (FindLiveObjects: 0.264600 ms CreateObjectMapping: 0.181100 ms MarkObjects: 2.956800 ms  DeleteObjects: 0.295600 ms)

========================================================================
Received Import Request.
  Time since last request: 25.749654 seconds.
  path: Assets/Scripts/Player.cs
  artifactKey: Guid(4388047b7486e1b4fab061def1c57bf4) Importer(815301076,1909f56bfc062723c751e8b465ee728b)
Start importing Assets/Scripts/Player.cs using Guid(4388047b7486e1b4fab061def1c57bf4) Importer(815301076,1909f56bfc062723c751e8b465ee728b)  -> (artifact id: '885ccfd3b52571581f44dff122d811bc') in 0.010052 seconds 
========================================================================
Received Prepare
Registering precompiled user dll's ...
Registered in 0.001135 seconds.
Begin MonoManager ReloadAssembly
Native extension for WindowsStandalone target not found
Native extension for OSXStandalone target not found
Refreshing native plugins compatible for Editor in 0.48 ms, found 1 plugins.
Preloading 0 native plugins for Editor in 0.00 ms.
Mono: successfully reloaded assembly
- Completed reload, in  1.236 seconds
Platform modules already initialized, skipping
Refreshing native plugins compatible for Editor in 0.96 ms, found 1 plugins.
Preloading 0 native plugins for Editor in 0.00 ms.
Unloading 1968 Unused Serialized files (Serialized files now loaded: 0)
System memory in use before: 102.2 MB.
System memory in use after: 102.1 MB.

Unloading 9 unused Assets to reduce memory usage. Loaded Objects now: 2647.
Total: 4.186500 ms (FindLiveObjects: 0.266800 ms CreateObjectMapping: 0.159200 ms MarkObjects: 3.454100 ms  DeleteObjects: 0.304500 ms)

========================================================================
Received Import Request.
  Time since last request: 6.021033 seconds.
  path: Assets/Scripts/Player.cs
  artifactKey: Guid(4388047b7486e1b4fab061def1c57bf4) Importer(815301076,1909f56bfc062723c751e8b465ee728b)
Start importing Assets/Scripts/Player.cs using Guid(4388047b7486e1b4fab061def1c57bf4) Importer(815301076,1909f56bfc062723c751e8b465ee728b)  -> (artifact id: '94f61533e27e303f29a585a59565be01') in 0.026820 seconds 
========================================================================
Received Prepare
Registering precompiled user dll's ...
Registered in 0.001106 seconds.
Begin MonoManager ReloadAssembly
Native extension for WindowsStandalone target not found
Native extension for OSXStandalone target not found
Refreshing native plugins compatible for Editor in 0.90 ms, found 1 plugins.
Preloading 0 native plugins for Editor in 0.00 ms.
Mono: successfully reloaded assembly
- Completed reload, in  1.294 seconds
Platform modules already initialized, skipping
Refreshing native plugins compatible for Editor in 0.94 ms, found 1 plugins.
Preloading 0 native plugins for Editor in 0.00 ms.
Unloading 1968 Unused Serialized files (Serialized files now loaded: 0)
System memory in use before: 102.2 MB.
System memory in use after: 102.1 MB.

Unloading 9 unused Assets to reduce memory usage. Loaded Objects now: 2650.
Total: 4.536100 ms (FindLiveObjects: 0.262000 ms CreateObjectMapping: 0.137600 ms MarkObjects: 3.836700 ms  DeleteObjects: 0.297800 ms)

========================================================================
Received Import Request.
  Time since last request: 17.118968 seconds.
  path: Assets/Scripts/Player.cs
  artifactKey: Guid(4388047b7486e1b4fab061def1c57bf4) Importer(815301076,1909f56bfc062723c751e8b465ee728b)
Start importing Assets/Scripts/Player.cs using Guid(4388047b7486e1b4fab061def1c57bf4) Importer(815301076,1909f56bfc062723c751e8b465ee728b)  -> (artifact id: '9c651f81ccd292e2e30e69cfb5ceb272') in 0.009794 seconds 
========================================================================
Received Prepare
Registering precompiled user dll's ...
Registered in 0.001167 seconds.
Begin MonoManager ReloadAssembly
Native extension for WindowsStandalone target not found
Native extension for OSXStandalone target not found
Refreshing native plugins compatible for Editor in 0.79 ms, found 1 plugins.
Preloading 0 native plugins for Editor in 0.00 ms.
Mono: successfully reloaded assembly
- Completed reload, in  1.458 seconds
Platform modules already initialized, skipping
Refreshing native plugins compatible for Editor in 0.83 ms, found 1 plugins.
Preloading 0 native plugins for Editor in 0.00 ms.
Unloading 1968 Unused Serialized files (Serialized files now loaded: 0)
System memory in use before: 102.2 MB.
System memory in use after: 102.1 MB.

Unloading 9 unused Assets to reduce memory usage. Loaded Objects now: 2653.
Total: 4.691500 ms (FindLiveObjects: 0.359200 ms CreateObjectMapping: 0.281100 ms MarkObjects: 3.409300 ms  DeleteObjects: 0.639200 ms)

========================================================================
Received Import Request.
  Time since last request: 22.119554 seconds.
  path: Assets/Scripts/Player.cs
  artifactKey: Guid(4388047b7486e1b4fab061def1c57bf4) Importer(815301076,1909f56bfc062723c751e8b465ee728b)
Start importing Assets/Scripts/Player.cs using Guid(4388047b7486e1b4fab061def1c57bf4) Importer(815301076,1909f56bfc062723c751e8b465ee728b)  -> (artifact id: '4485afd0d9c377a0dc9d3a91521c3761') in 0.014977 seconds 
========================================================================
Received Prepare
Registering precompiled user dll's ...
Registered in 0.001645 seconds.
Begin MonoManager ReloadAssembly
Native extension for WindowsStandalone target not found
Native extension for OSXStandalone target not found
Refreshing native plugins compatible for Editor in 0.76 ms, found 1 plugins.
Preloading 0 native plugins for Editor in 0.00 ms.
Mono: successfully reloaded assembly
- Completed reload, in  1.430 seconds
Platform modules already initialized, skipping
Refreshing native plugins compatible for Editor in 0.54 ms, found 1 plugins.
Preloading 0 native plugins for Editor in 0.00 ms.
Unloading 1968 Unused Serialized files (Serialized files now loaded: 0)
System memory in use before: 102.3 MB.
System memory in use after: 102.1 MB.

Unloading 9 unused Assets to reduce memory usage. Loaded Objects now: 2656.
Total: 4.271600 ms (FindLiveObjects: 0.225700 ms CreateObjectMapping: 0.116400 ms MarkObjects: 3.672200 ms  DeleteObjects: 0.255400 ms)

========================================================================
Received Import Request.
  Time since last request: 13.291649 seconds.
  path: Assets/Scripts/Player.cs
  artifactKey: Guid(4388047b7486e1b4fab061def1c57bf4) Importer(815301076,1909f56bfc062723c751e8b465ee728b)
Start importing Assets/Scripts/Player.cs using Guid(4388047b7486e1b4fab061def1c57bf4) Importer(815301076,1909f56bfc062723c751e8b465ee728b)  -> (artifact id: 'a417807f1da7e756d591053031858520') in 0.007788 seconds 
========================================================================
Received Prepare
Registering precompiled user dll's ...
Registered in 0.001150 seconds.
Begin MonoManager ReloadAssembly
Native extension for WindowsStandalone target not found
Native extension for OSXStandalone target not found
Refreshing native plugins compatible for Editor in 0.65 ms, found 1 plugins.
Preloading 0 native plugins for Editor in 0.00 ms.
Mono: successfully reloaded assembly
- Completed reload, in  1.340 seconds
Platform modules already initialized, skipping
Refreshing native plugins compatible for Editor in 0.58 ms, found 1 plugins.
Preloading 0 native plugins for Editor in 0.00 ms.
Unloading 1968 Unused Serialized files (Serialized files now loaded: 0)
System memory in use before: 102.2 MB.
System memory in use after: 102.1 MB.

Unloading 9 unused Assets to reduce memory usage. Loaded Objects now: 2659.
Total: 3.601900 ms (FindLiveObjects: 0.357300 ms CreateObjectMapping: 0.134600 ms MarkObjects: 2.809800 ms  DeleteObjects: 0.297700 ms)

========================================================================
Received Import Request.
  Time since last request: 8.395620 seconds.
  path: Assets/Scripts/Player.cs
  artifactKey: Guid(4388047b7486e1b4fab061def1c57bf4) Importer(815301076,1909f56bfc062723c751e8b465ee728b)
Start importing Assets/Scripts/Player.cs using Guid(4388047b7486e1b4fab061def1c57bf4) Importer(815301076,1909f56bfc062723c751e8b465ee728b)  -> (artifact id: 'e9b47186f017e4c643e2575006bb644d') in 0.013624 seconds 
========================================================================
Received Prepare
Registering precompiled user dll's ...
Registered in 0.001117 seconds.
Begin MonoManager ReloadAssembly
Native extension for WindowsStandalone target not found
Native extension for OSXStandalone target not found
Refreshing native plugins compatible for Editor in 0.62 ms, found 1 plugins.
Preloading 0 native plugins for Editor in 0.00 ms.
Mono: successfully reloaded assembly
- Completed reload, in  1.406 seconds
Platform modules already initialized, skipping
Refreshing native plugins compatible for Editor in 0.56 ms, found 1 plugins.
Preloading 0 native plugins for Editor in 0.00 ms.
Unloading 1968 Unused Serialized files (Serialized files now loaded: 0)
System memory in use before: 102.3 MB.
System memory in use after: 102.1 MB.

Unloading 9 unused Assets to reduce memory usage. Loaded Objects now: 2662.
Total: 3.250200 ms (FindLiveObjects: 0.223700 ms CreateObjectMapping: 0.096800 ms MarkObjects: 2.629700 ms  DeleteObjects: 0.298700 ms)

========================================================================
Received Prepare
Registering precompiled user dll's ...
Registered in 0.026344 seconds.
Begin MonoManager ReloadAssembly
Native extension for WindowsStandalone target not found
Native extension for OSXStandalone target not found
Refreshing native plugins compatible for Editor in 1.04 ms, found 1 plugins.
Preloading 0 native plugins for Editor in 0.00 ms.
Mono: successfully reloaded assembly
- Completed reload, in  1.480 seconds
Platform modules already initialized, skipping
Refreshing native plugins compatible for Editor in 0.79 ms, found 1 plugins.
Preloading 0 native plugins for Editor in 0.00 ms.
Unloading 1968 Unused Serialized files (Serialized files now loaded: 0)
System memory in use before: 102.3 MB.
System memory in use after: 102.1 MB.

Unloading 9 unused Assets to reduce memory usage. Loaded Objects now: 2665.
Total: 3.051500 ms (FindLiveObjects: 0.258800 ms CreateObjectMapping: 0.109500 ms MarkObjects: 2.408900 ms  DeleteObjects: 0.272400 ms)

========================================================================
Received Prepare
Refreshing native plugins compatible for Editor in 1.48 ms, found 1 plugins.
Preloading 0 native plugins for Editor in 0.00 ms.
Unloading 6 Unused Serialized files (Serialized files now loaded: 0)
System memory in use before: 63.3 MB.
System memory in use after: 63.2 MB.

Unloading 6 unused Assets to reduce memory usage. Loaded Objects now: 2665.
Total: 2.702300 ms (FindLiveObjects: 0.187700 ms CreateObjectMapping: 0.093900 ms MarkObjects: 2.187100 ms  DeleteObjects: 0.232600 ms)

========================================================================
Received Prepare
Registering precompiled user dll's ...
Registered in 0.001116 seconds.
Begin MonoManager ReloadAssembly
Native extension for WindowsStandalone target not found
Native extension for OSXStandalone target not found
Refreshing native plugins compatible for Editor in 0.63 ms, found 1 plugins.
Preloading 0 native plugins for Editor in 0.00 ms.
Mono: successfully reloaded assembly
- Completed reload, in  1.021 seconds
Platform modules already initialized, skipping
Refreshing native plugins compatible for Editor in 0.52 ms, found 1 plugins.
Preloading 0 native plugins for Editor in 0.00 ms.
Unloading 1968 Unused Serialized files (Serialized files now loaded: 0)
System memory in use before: 102.4 MB.
System memory in use after: 102.2 MB.

Unloading 9 unused Assets to reduce memory usage. Loaded Objects now: 2668.
Total: 3.001600 ms (FindLiveObjects: 0.208500 ms CreateObjectMapping: 0.110600 ms MarkObjects: 2.453000 ms  DeleteObjects: 0.228400 ms)

========================================================================
Received Prepare
Registering precompiled user dll's ...
Registered in 0.001129 seconds.
Begin MonoManager ReloadAssembly
Native extension for WindowsStandalone target not found
Native extension for OSXStandalone target not found
Refreshing native plugins compatible for Editor in 0.53 ms, found 1 plugins.
Preloading 0 native plugins for Editor in 0.00 ms.
Mono: successfully reloaded assembly
- Completed reload, in  1.292 seconds
Platform modules already initialized, skipping
Refreshing native plugins compatible for Editor in 0.60 ms, found 1 plugins.
Preloading 0 native plugins for Editor in 0.00 ms.
Unloading 1968 Unused Serialized files (Serialized files now loaded: 0)
System memory in use before: 102.3 MB.
System memory in use after: 102.1 MB.

Unloading 9 unused Assets to reduce memory usage. Loaded Objects now: 2671.
Total: 3.234700 ms (FindLiveObjects: 0.257200 ms CreateObjectMapping: 0.112100 ms MarkObjects: 2.622000 ms  DeleteObjects: 0.242100 ms)

========================================================================
Received Prepare
Registering precompiled user dll's ...
Registered in 0.001192 seconds.
Begin MonoManager ReloadAssembly
Native extension for WindowsStandalone target not found
Native extension for OSXStandalone target not found
Refreshing native plugins compatible for Editor in 0.52 ms, found 1 plugins.
Preloading 0 native plugins for Editor in 0.00 ms.
Mono: successfully reloaded assembly
- Completed reload, in  1.403 seconds
Platform modules already initialized, skipping
Refreshing native plugins compatible for Editor in 0.52 ms, found 1 plugins.
Preloading 0 native plugins for Editor in 0.00 ms.
Unloading 1968 Unused Serialized files (Serialized files now loaded: 0)
System memory in use before: 102.3 MB.
System memory in use after: 102.1 MB.

Unloading 9 unused Assets to reduce memory usage. Loaded Objects now: 2674.
Total: 4.047400 ms (FindLiveObjects: 0.246400 ms CreateObjectMapping: 0.089600 ms MarkObjects: 3.477100 ms  DeleteObjects: 0.232700 ms)

========================================================================
Received Prepare
Registering precompiled user dll's ...
Registered in 0.001390 seconds.
Begin MonoManager ReloadAssembly
Native extension for WindowsStandalone target not found
Native extension for OSXStandalone target not found
Refreshing native plugins compatible for Editor in 0.49 ms, found 1 plugins.
Preloading 0 native plugins for Editor in 0.00 ms.
Mono: successfully reloaded assembly
- Completed reload, in  1.282 seconds
Platform modules already initialized, skipping
Refreshing native plugins compatible for Editor in 0.78 ms, found 1 plugins.
Preloading 0 native plugins for Editor in 0.00 ms.
Unloading 1968 Unused Serialized files (Serialized files now loaded: 0)
System memory in use before: 102.3 MB.
System memory in use after: 102.1 MB.

Unloading 9 unused Assets to reduce memory usage. Loaded Objects now: 2677.
Total: 3.682100 ms (FindLiveObjects: 0.212200 ms CreateObjectMapping: 0.074900 ms MarkObjects: 3.127800 ms  DeleteObjects: 0.266100 ms)

========================================================================
Received Prepare
Registering precompiled user dll's ...
Registered in 0.001085 seconds.
Begin MonoManager ReloadAssembly
Native extension for WindowsStandalone target not found
Native extension for OSXStandalone target not found
Refreshing native plugins compatible for Editor in 0.54 ms, found 1 plugins.
Preloading 0 native plugins for Editor in 0.00 ms.
Mono: successfully reloaded assembly
- Completed reload, in  1.439 seconds
Platform modules already initialized, skipping
Refreshing native plugins compatible for Editor in 0.83 ms, found 1 plugins.
Preloading 0 native plugins for Editor in 0.00 ms.
Unloading 1968 Unused Serialized files (Serialized files now loaded: 0)
System memory in use before: 102.3 MB.
System memory in use after: 102.1 MB.

Unloading 9 unused Assets to reduce memory usage. Loaded Objects now: 2680.
Total: 4.305200 ms (FindLiveObjects: 0.460900 ms CreateObjectMapping: 0.200800 ms MarkObjects: 3.296900 ms  DeleteObjects: 0.344800 ms)

========================================================================
Received Prepare
Registering precompiled user dll's ...
Registered in 0.001147 seconds.
Begin MonoManager ReloadAssembly
Native extension for WindowsStandalone target not found
Native extension for OSXStandalone target not found
Refreshing native plugins compatible for Editor in 0.46 ms, found 1 plugins.
Preloading 0 native plugins for Editor in 0.00 ms.
Mono: successfully reloaded assembly
- Completed reload, in  1.053 seconds
Platform modules already initialized, skipping
Refreshing native plugins compatible for Editor in 0.58 ms, found 1 plugins.
Preloading 0 native plugins for Editor in 0.00 ms.
Unloading 1968 Unused Serialized files (Serialized files now loaded: 0)
System memory in use before: 102.3 MB.
System memory in use after: 102.2 MB.

Unloading 9 unused Assets to reduce memory usage. Loaded Objects now: 2683.
Total: 2.793700 ms (FindLiveObjects: 0.200400 ms CreateObjectMapping: 0.083900 ms MarkObjects: 2.243400 ms  DeleteObjects: 0.264700 ms)

========================================================================
Received Prepare
Registering precompiled user dll's ...
Registered in 0.001086 seconds.
Begin MonoManager ReloadAssembly
Native extension for WindowsStandalone target not found
Native extension for OSXStandalone target not found
Refreshing native plugins compatible for Editor in 0.72 ms, found 1 plugins.
Preloading 0 native plugins for Editor in 0.00 ms.
Mono: successfully reloaded assembly
- Completed reload, in  1.397 seconds
Platform modules already initialized, skipping
Refreshing native plugins compatible for Editor in 1.04 ms, found 1 plugins.
Preloading 0 native plugins for Editor in 0.00 ms.
Unloading 1968 Unused Serialized files (Serialized files now loaded: 0)
System memory in use before: 102.3 MB.
System memory in use after: 102.2 MB.

Unloading 9 unused Assets to reduce memory usage. Loaded Objects now: 2686.
Total: 4.427600 ms (FindLiveObjects: 0.332000 ms CreateObjectMapping: 0.192800 ms MarkObjects: 3.578800 ms  DeleteObjects: 0.322300 ms)

========================================================================
Received Import Request.
  Time since last request: 661.602861 seconds.
  path: Assets/Tiles/Water.asset
  artifactKey: Guid(bf921c505a1cd5e48b5f3d671b90541f) Importer(815301076,1909f56bfc062723c751e8b465ee728b)
Start importing Assets/Tiles/Water.asset using Guid(bf921c505a1cd5e48b5f3d671b90541f) Importer(815301076,1909f56bfc062723c751e8b465ee728b)  -> (artifact id: '69b174f84219ae7ae1896f16106bea8e') in 0.268463 seconds 
========================================================================
Received Prepare
Refreshing native plugins compatible for Editor in 1.48 ms, found 1 plugins.
Preloading 0 native plugins for Editor in 0.00 ms.
Unloading 6 Unused Serialized files (Serialized files now loaded: 0)
System memory in use before: 63.6 MB.
System memory in use after: 63.5 MB.

Unloading 6 unused Assets to reduce memory usage. Loaded Objects now: 2689.
Total: 3.209800 ms (FindLiveObjects: 0.214500 ms CreateObjectMapping: 0.076100 ms MarkObjects: 2.679600 ms  DeleteObjects: 0.238600 ms)

========================================================================
Received Prepare
Refreshing native plugins compatible for Editor in 1.49 ms, found 1 plugins.
Preloading 0 native plugins for Editor in 0.00 ms.
Unloading 6 Unused Serialized files (Serialized files now loaded: 0)
System memory in use before: 63.6 MB.
System memory in use after: 63.5 MB.

Unloading 6 unused Assets to reduce memory usage. Loaded Objects now: 2689.
Total: 3.413000 ms (FindLiveObjects: 0.216600 ms CreateObjectMapping: 0.083000 ms MarkObjects: 2.835800 ms  DeleteObjects: 0.276900 ms)

========================================================================
Received Prepare
Refreshing native plugins compatible for Editor in 2.00 ms, found 1 plugins.
Preloading 0 native plugins for Editor in 0.00 ms.
Unloading 6 Unused Serialized files (Serialized files now loaded: 0)
System memory in use before: 63.6 MB.
System memory in use after: 63.5 MB.

Unloading 6 unused Assets to reduce memory usage. Loaded Objects now: 2689.
Total: 3.183800 ms (FindLiveObjects: 0.227100 ms CreateObjectMapping: 0.093100 ms MarkObjects: 2.599400 ms  DeleteObjects: 0.263100 ms)

========================================================================
Received Import Request.
  Time since last request: 433.172815 seconds.
  path: Assets/Scripts/CameraFollow.cs
  artifactKey: Guid(19da6662dee7b65499f5972021cc1157) Importer(815301076,1909f56bfc062723c751e8b465ee728b)
Start importing Assets/Scripts/CameraFollow.cs using Guid(19da6662dee7b65499f5972021cc1157) Importer(815301076,1909f56bfc062723c751e8b465ee728b)  -> (artifact id: 'de98415ab727e65983043624d3fe2181') in 0.010016 seconds 
========================================================================
Received Prepare
Registering precompiled user dll's ...
Registered in 0.001014 seconds.
Begin MonoManager ReloadAssembly
Native extension for WindowsStandalone target not found
Native extension for OSXStandalone target not found
Refreshing native plugins compatible for Editor in 0.67 ms, found 1 plugins.
Preloading 0 native plugins for Editor in 0.00 ms.
Mono: successfully reloaded assembly
- Completed reload, in  1.071 seconds
Platform modules already initialized, skipping
Refreshing native plugins compatible for Editor in 0.57 ms, found 1 plugins.
Preloading 0 native plugins for Editor in 0.00 ms.
Unloading 1968 Unused Serialized files (Serialized files now loaded: 0)
System memory in use before: 102.4 MB.
System memory in use after: 102.2 MB.

Unloading 9 unused Assets to reduce memory usage. Loaded Objects now: 2692.
Total: 3.620800 ms (FindLiveObjects: 0.196600 ms CreateObjectMapping: 0.069100 ms MarkObjects: 3.108300 ms  DeleteObjects: 0.245400 ms)

========================================================================
Received Prepare
Registering precompiled user dll's ...
Registered in 0.001779 seconds.
Begin MonoManager ReloadAssembly
Native extension for WindowsStandalone target not found
Native extension for OSXStandalone target not found
Refreshing native plugins compatible for Editor in 0.75 ms, found 1 plugins.
Preloading 0 native plugins for Editor in 0.00 ms.
Mono: successfully reloaded assembly
- Completed reload, in  1.284 seconds
Platform modules already initialized, skipping
Refreshing native plugins compatible for Editor in 0.48 ms, found 1 plugins.
Preloading 0 native plugins for Editor in 0.00 ms.
Unloading 1968 Unused Serialized files (Serialized files now loaded: 0)
System memory in use before: 102.4 MB.
System memory in use after: 102.2 MB.

Unloading 9 unused Assets to reduce memory usage. Loaded Objects now: 2695.
Total: 3.416900 ms (FindLiveObjects: 0.482300 ms CreateObjectMapping: 0.209700 ms MarkObjects: 2.476200 ms  DeleteObjects: 0.247300 ms)

========================================================================
Received Prepare
Refreshing native plugins compatible for Editor in 1.46 ms, found 1 plugins.
Preloading 0 native plugins for Editor in 0.00 ms.
Unloading 6 Unused Serialized files (Serialized files now loaded: 0)
System memory in use before: 63.5 MB.
System memory in use after: 63.3 MB.

Unloading 6 unused Assets to reduce memory usage. Loaded Objects now: 2695.
Total: 2.744900 ms (FindLiveObjects: 0.191700 ms CreateObjectMapping: 0.082900 ms MarkObjects: 2.210400 ms  DeleteObjects: 0.259100 ms)

AssetImportWorkerClient::OnTransportError - code=2 error=End of file
